<?xml version="1.0" encoding="UTF-8"?>
<!-- Generated by org.testng.reporters.JUnitReportReporter -->
<testsuite hostname="LAPTOP-SSV1DC61" failures="0" tests="7" name="com.Testcase.BanjaraRide" time="129.265" errors="0" timestamp="2023-05-25T06:24:30 IST" skipped="1">
  <testcase classname="com.Testcase.BanjaraRide" name="TS1" time="68.623"/>
  <system-out/>
  <testcase classname="com.Testcase.BanjaraRide" name="TS2" time="12.934"/>
  <system-out/>
  <testcase classname="com.Testcase.BanjaraRide" name="TS3" time="19.175"/>
  <system-out/>
  <testcase classname="com.Testcase.BanjaraRide" name="TS4" time="10.434"/>
  <system-out/>
  <testcase classname="com.Testcase.BanjaraRide" name="TS5" time="9.197"/>
  <system-out/>
  <testcase classname="com.Testcase.BanjaraRide" name="TS6" time="8.902"/>
  <system-out/>
  <testcase classname="com.Testcase.BanjaraRide" name="startUp">
    <skipped/>
  </testcase> <!-- startUp -->
  <system-out/>
</testsuite> <!-- com.Testcase.BanjaraRide -->
