<?xml version="1.0" encoding="UTF-8"?>
<!-- Generated by org.testng.reporters.JUnitReportReporter -->
<testsuite hostname="LAPTOP-SSV1DC61" failures="0" tests="7" name="Demo.AppiumFramework.Test_HybridApp" time="80.146" errors="0" timestamp="2023-05-24T12:21:39 IST" skipped="6">
  <testcase classname="Demo.AppiumFramework.Test_HybridApp" name="everything" time="80.146"/>
  <system-out/>
  <testcase classname="Demo.AppiumFramework.Test_HybridApp" name="checkout">
    <skipped/>
  </testcase> <!-- checkout -->
  <system-out/>
  <testcase classname="Demo.AppiumFramework.Test_HybridApp" name="cart">
    <skipped/>
  </testcase> <!-- cart -->
  <system-out/>
  <testcase classname="Demo.AppiumFramework.Test_HybridApp" name="Negative_Testcase_Login">
    <skipped/>
  </testcase> <!-- Negative_Testcase_Login -->
  <system-out/>
  <testcase classname="Demo.AppiumFramework.Test_HybridApp" name="contextnames">
    <skipped/>
  </testcase> <!-- contextnames -->
  <system-out/>
  <testcase classname="Demo.AppiumFramework.Test_HybridApp" name="Positive_Testcase_Login">
    <skipped/>
  </testcase> <!-- Positive_Testcase_Login -->
  <system-out/>
  <testcase classname="Demo.AppiumFramework.Test_HybridApp" name="product">
    <skipped/>
  </testcase> <!-- product -->
  <system-out/>
</testsuite> <!-- Demo.AppiumFramework.Test_HybridApp -->
